<?xml version="1.0" encoding="UTF-8"?>
<testng-results skipped="0" failed="0" total="1" passed="1">
  <reporter-output>
  </reporter-output>
  <suite name="Default suite" duration-ms="49124" started-at="2015-05-31T18:44:30Z" finished-at="2015-05-31T18:45:20Z">
    <groups>
    </groups>
    <test name="Default test" duration-ms="49124" started-at="2015-05-31T18:44:30Z" finished-at="2015-05-31T18:45:20Z">
      <class name="com.hotpads.datarouter.test.sqs.SqsNodeIntegrationTests">
        <test-method status="PASS" signature="test()[pri:0, instance:com.hotpads.datarouter.test.sqs.SqsNodeIntegrationTests@48b7a6ee]" name="test" duration-ms="49115" started-at="2015-05-31T11:44:30Z" finished-at="2015-05-31T11:45:20Z">
          <reporter-output>
          </reporter-output>
        </test-method> <!-- test -->
      </class> <!-- com.hotpads.datarouter.test.sqs.SqsNodeIntegrationTests -->
    </test> <!-- Default test -->
  </suite> <!-- Default suite -->
</testng-results>
